  [1m[36m (1.7ms)[0m  [1mCREATE TABLE "schema_migrations" ("version" varchar NOT NULL) [0m
  [1m[35m (0.1ms)[0m  select sqlite_version(*)
  [1m[36m (1.6ms)[0m  [1mCREATE UNIQUE INDEX "unique_schema_migrations" ON "schema_migrations" ("version")[0m
  [1m[35mActiveRecord::SchemaMigration Load (0.1ms)[0m  SELECT "schema_migrations".* FROM "schema_migrations"


Started GET "/" for ::1 at 2015-11-17 17:47:54 -0600
Processing by Rails::WelcomeController#index as HTML
  Rendered /Users/admin/.rvm/gems/ruby-2.1.2/gems/railties-4.2.3/lib/rails/templates/rails/welcome/index.html.erb (2.8ms)
Completed 200 OK in 27ms (Views: 19.4ms | ActiveRecord: 0.0ms)
  [1m[36mActiveRecord::SchemaMigration Load (0.1ms)[0m  [1mSELECT "schema_migrations".* FROM "schema_migrations"[0m
Migrating to CreateStudents (1)
  [1m[35m (0.1ms)[0m  begin transaction
  [1m[36m (0.4ms)[0m  [1mCREATE TABLE "students" ("id" INTEGER PRIMARY KEY AUTOINCREMENT NOT NULL, "first_name" varchar, "last_name" varchar, "created_at" datetime NOT NULL, "updated_at" datetime NOT NULL) [0m
  [1m[35mSQL (0.3ms)[0m  INSERT INTO "schema_migrations" ("version") VALUES (?)  [["version", "1"]]
  [1m[36m (1.4ms)[0m  [1mcommit transaction[0m
  [1m[35mActiveRecord::SchemaMigration Load (0.1ms)[0m  SELECT "schema_migrations".* FROM "schema_migrations"
  [1m[36m (0.1ms)[0m  [1mbegin transaction[0m
  [1m[35mSQL (0.3ms)[0m  INSERT INTO "students" ("first_name", "last_name", "created_at", "updated_at") VALUES (?, ?, ?, ?)  [["first_name", "Jordan"], ["last_name", "Hudgens"], ["created_at", "2015-11-18 00:10:55.545365"], ["updated_at", "2015-11-18 00:10:55.545365"]]
  [1m[36m (2.9ms)[0m  [1mcommit transaction[0m
  [1m[35mStudent Load (0.2ms)[0m  SELECT  "students".* FROM "students"  ORDER BY "students"."id" DESC LIMIT 1
  [1m[36m (0.1ms)[0m  [1mbegin transaction[0m
  [1m[35mSQL (0.3ms)[0m  INSERT INTO "students" ("created_at", "updated_at") VALUES (?, ?)  [["created_at", "2015-11-18 00:17:49.095449"], ["updated_at", "2015-11-18 00:17:49.095449"]]
  [1m[36m (1.2ms)[0m  [1mcommit transaction[0m
  [1m[35mStudent Load (0.2ms)[0m  SELECT  "students".* FROM "students"  ORDER BY "students"."id" DESC LIMIT 1
  [1m[36mActiveRecord::SchemaMigration Load (0.1ms)[0m  [1mSELECT "schema_migrations".* FROM "schema_migrations"[0m
  [1m[35mActiveRecord::SchemaMigration Load (0.1ms)[0m  SELECT "schema_migrations".* FROM "schema_migrations"


Started GET "/" for ::1 at 2015-11-18 13:36:42 -0600
  [1m[36mActiveRecord::SchemaMigration Load (0.1ms)[0m  [1mSELECT "schema_migrations".* FROM "schema_migrations"[0m
Processing by Rails::WelcomeController#index as HTML
  Rendered /Users/admin/.rvm/gems/ruby-2.1.2/gems/railties-4.2.3/lib/rails/templates/rails/welcome/index.html.erb (2.4ms)
Completed 200 OK in 39ms (Views: 24.5ms | ActiveRecord: 0.0ms)


Started GET "/" for ::1 at 2015-11-18 13:37:10 -0600
Processing by Rails::WelcomeController#index as HTML
  Rendered /Users/admin/.rvm/gems/ruby-2.1.2/gems/railties-4.2.3/lib/rails/templates/rails/welcome/index.html.erb (0.0ms)
Completed 200 OK in 1ms (Views: 0.7ms | ActiveRecord: 0.0ms)
  [1m[36mActiveRecord::SchemaMigration Load (0.5ms)[0m  [1mSELECT "schema_migrations".* FROM "schema_migrations"[0m
  [1m[35mActiveRecord::SchemaMigration Load (0.1ms)[0m  SELECT "schema_migrations".* FROM "schema_migrations"
  [1m[36mStudent Load (0.4ms)[0m  [1mSELECT  "students".* FROM "students"  ORDER BY "students"."id" DESC LIMIT 1[0m
  [1m[35mStudent Load (0.2ms)[0m  SELECT  "students".* FROM "students"  ORDER BY "students"."id" DESC LIMIT 1
  [1m[36m (0.1ms)[0m  [1mbegin transaction[0m
  [1m[35mSQL (0.6ms)[0m  DELETE FROM "students" WHERE "students"."id" = ?  [["id", 2]]
  [1m[36m (1.6ms)[0m  [1mcommit transaction[0m
  [1m[35mStudent Load (0.2ms)[0m  SELECT "students".* FROM "students"


Started GET "/" for ::1 at 2018-07-24 13:02:27 -0400
  [1m[36mActiveRecord::SchemaMigration Load (2.2ms)[0m  [1mSELECT "schema_migrations".* FROM "schema_migrations"[0m
Processing by Rails::WelcomeController#index as HTML
  Rendered /Users/alexbackup/.rvm/gems/ruby-2.3.3/gems/railties-4.2.10/lib/rails/templates/rails/welcome/index.html.erb (6.2ms)
Completed 200 OK in 75ms (Views: 37.6ms | ActiveRecord: 0.0ms)


Started GET "/students" for ::1 at 2018-07-24 13:02:35 -0400

ActionController::RoutingError (No route matches [GET] "/students"):
  actionpack (4.2.10) lib/action_dispatch/middleware/debug_exceptions.rb:21:in `call'
  actionpack (4.2.10) lib/action_dispatch/middleware/show_exceptions.rb:30:in `call'
  railties (4.2.10) lib/rails/rack/logger.rb:38:in `call_app'
  railties (4.2.10) lib/rails/rack/logger.rb:20:in `block in call'
  activesupport (4.2.10) lib/active_support/tagged_logging.rb:68:in `block in tagged'
  activesupport (4.2.10) lib/active_support/tagged_logging.rb:26:in `tagged'
  activesupport (4.2.10) lib/active_support/tagged_logging.rb:68:in `tagged'
  railties (4.2.10) lib/rails/rack/logger.rb:20:in `call'
  actionpack (4.2.10) lib/action_dispatch/middleware/request_id.rb:21:in `call'
  rack (1.6.10) lib/rack/methodoverride.rb:22:in `call'
  rack (1.6.10) lib/rack/runtime.rb:18:in `call'
  activesupport (4.2.10) lib/active_support/cache/strategy/local_cache_middleware.rb:28:in `call'
  rack (1.6.10) lib/rack/lock.rb:17:in `call'
  actionpack (4.2.10) lib/action_dispatch/middleware/static.rb:120:in `call'
  rack (1.6.10) lib/rack/sendfile.rb:113:in `call'
  railties (4.2.10) lib/rails/engine.rb:518:in `call'
  railties (4.2.10) lib/rails/application.rb:165:in `call'
  rack (1.6.10) lib/rack/lock.rb:17:in `call'
  rack (1.6.10) lib/rack/content_length.rb:15:in `call'
  rack (1.6.10) lib/rack/handler/webrick.rb:88:in `service'
  /Users/alexbackup/.rvm/rubies/ruby-2.3.3/lib/ruby/2.3.0/webrick/httpserver.rb:140:in `service'
  /Users/alexbackup/.rvm/rubies/ruby-2.3.3/lib/ruby/2.3.0/webrick/httpserver.rb:96:in `run'
  /Users/alexbackup/.rvm/rubies/ruby-2.3.3/lib/ruby/2.3.0/webrick/server.rb:296:in `block in start_thread'


  Rendered /Users/alexbackup/.rvm/gems/ruby-2.3.3/gems/actionpack-4.2.10/lib/action_dispatch/middleware/templates/rescues/_trace.html.erb (2.0ms)
  Rendered /Users/alexbackup/.rvm/gems/ruby-2.3.3/gems/actionpack-4.2.10/lib/action_dispatch/middleware/templates/routes/_table.html.erb (27.2ms)
  Rendered /Users/alexbackup/.rvm/gems/ruby-2.3.3/gems/actionpack-4.2.10/lib/action_dispatch/middleware/templates/rescues/_request_and_response.html.erb (2.2ms)
  Rendered /Users/alexbackup/.rvm/gems/ruby-2.3.3/gems/actionpack-4.2.10/lib/action_dispatch/middleware/templates/rescues/routing_error.html.erb within rescues/layout (301.3ms)


Started GET "/students/" for ::1 at 2018-07-24 13:02:40 -0400

ActionController::RoutingError (No route matches [GET] "/students"):
  actionpack (4.2.10) lib/action_dispatch/middleware/debug_exceptions.rb:21:in `call'
  actionpack (4.2.10) lib/action_dispatch/middleware/show_exceptions.rb:30:in `call'
  railties (4.2.10) lib/rails/rack/logger.rb:38:in `call_app'
  railties (4.2.10) lib/rails/rack/logger.rb:20:in `block in call'
  activesupport (4.2.10) lib/active_support/tagged_logging.rb:68:in `block in tagged'
  activesupport (4.2.10) lib/active_support/tagged_logging.rb:26:in `tagged'
  activesupport (4.2.10) lib/active_support/tagged_logging.rb:68:in `tagged'
  railties (4.2.10) lib/rails/rack/logger.rb:20:in `call'
  actionpack (4.2.10) lib/action_dispatch/middleware/request_id.rb:21:in `call'
  rack (1.6.10) lib/rack/methodoverride.rb:22:in `call'
  rack (1.6.10) lib/rack/runtime.rb:18:in `call'
  activesupport (4.2.10) lib/active_support/cache/strategy/local_cache_middleware.rb:28:in `call'
  rack (1.6.10) lib/rack/lock.rb:17:in `call'
  actionpack (4.2.10) lib/action_dispatch/middleware/static.rb:120:in `call'
  rack (1.6.10) lib/rack/sendfile.rb:113:in `call'
  railties (4.2.10) lib/rails/engine.rb:518:in `call'
  railties (4.2.10) lib/rails/application.rb:165:in `call'
  rack (1.6.10) lib/rack/lock.rb:17:in `call'
  rack (1.6.10) lib/rack/content_length.rb:15:in `call'
  rack (1.6.10) lib/rack/handler/webrick.rb:88:in `service'
  /Users/alexbackup/.rvm/rubies/ruby-2.3.3/lib/ruby/2.3.0/webrick/httpserver.rb:140:in `service'
  /Users/alexbackup/.rvm/rubies/ruby-2.3.3/lib/ruby/2.3.0/webrick/httpserver.rb:96:in `run'
  /Users/alexbackup/.rvm/rubies/ruby-2.3.3/lib/ruby/2.3.0/webrick/server.rb:296:in `block in start_thread'


  Rendered /Users/alexbackup/.rvm/gems/ruby-2.3.3/gems/actionpack-4.2.10/lib/action_dispatch/middleware/templates/rescues/_trace.html.erb (1.5ms)
  Rendered /Users/alexbackup/.rvm/gems/ruby-2.3.3/gems/actionpack-4.2.10/lib/action_dispatch/middleware/templates/routes/_table.html.erb (1.7ms)
  Rendered /Users/alexbackup/.rvm/gems/ruby-2.3.3/gems/actionpack-4.2.10/lib/action_dispatch/middleware/templates/rescues/_request_and_response.html.erb (1.6ms)
  Rendered /Users/alexbackup/.rvm/gems/ruby-2.3.3/gems/actionpack-4.2.10/lib/action_dispatch/middleware/templates/rescues/routing_error.html.erb within rescues/layout (119.6ms)


Started GET "/student/" for ::1 at 2018-07-24 13:03:10 -0400

ActionController::RoutingError (No route matches [GET] "/student"):
  actionpack (4.2.10) lib/action_dispatch/middleware/debug_exceptions.rb:21:in `call'
  actionpack (4.2.10) lib/action_dispatch/middleware/show_exceptions.rb:30:in `call'
  railties (4.2.10) lib/rails/rack/logger.rb:38:in `call_app'
  railties (4.2.10) lib/rails/rack/logger.rb:20:in `block in call'
  activesupport (4.2.10) lib/active_support/tagged_logging.rb:68:in `block in tagged'
  activesupport (4.2.10) lib/active_support/tagged_logging.rb:26:in `tagged'
  activesupport (4.2.10) lib/active_support/tagged_logging.rb:68:in `tagged'
  railties (4.2.10) lib/rails/rack/logger.rb:20:in `call'
  actionpack (4.2.10) lib/action_dispatch/middleware/request_id.rb:21:in `call'
  rack (1.6.10) lib/rack/methodoverride.rb:22:in `call'
  rack (1.6.10) lib/rack/runtime.rb:18:in `call'
  activesupport (4.2.10) lib/active_support/cache/strategy/local_cache_middleware.rb:28:in `call'
  rack (1.6.10) lib/rack/lock.rb:17:in `call'
  actionpack (4.2.10) lib/action_dispatch/middleware/static.rb:120:in `call'
  rack (1.6.10) lib/rack/sendfile.rb:113:in `call'
  railties (4.2.10) lib/rails/engine.rb:518:in `call'
  railties (4.2.10) lib/rails/application.rb:165:in `call'
  rack (1.6.10) lib/rack/lock.rb:17:in `call'
  rack (1.6.10) lib/rack/content_length.rb:15:in `call'
  rack (1.6.10) lib/rack/handler/webrick.rb:88:in `service'
  /Users/alexbackup/.rvm/rubies/ruby-2.3.3/lib/ruby/2.3.0/webrick/httpserver.rb:140:in `service'
  /Users/alexbackup/.rvm/rubies/ruby-2.3.3/lib/ruby/2.3.0/webrick/httpserver.rb:96:in `run'
  /Users/alexbackup/.rvm/rubies/ruby-2.3.3/lib/ruby/2.3.0/webrick/server.rb:296:in `block in start_thread'


  Rendered /Users/alexbackup/.rvm/gems/ruby-2.3.3/gems/actionpack-4.2.10/lib/action_dispatch/middleware/templates/rescues/_trace.html.erb (5.6ms)
  Rendered /Users/alexbackup/.rvm/gems/ruby-2.3.3/gems/actionpack-4.2.10/lib/action_dispatch/middleware/templates/routes/_table.html.erb (6.2ms)
  Rendered /Users/alexbackup/.rvm/gems/ruby-2.3.3/gems/actionpack-4.2.10/lib/action_dispatch/middleware/templates/rescues/_request_and_response.html.erb (17.7ms)
  Rendered /Users/alexbackup/.rvm/gems/ruby-2.3.3/gems/actionpack-4.2.10/lib/action_dispatch/middleware/templates/rescues/routing_error.html.erb within rescues/layout (163.4ms)


Started GET "/student/" for ::1 at 2018-07-24 13:14:12 -0400
  [1m[35mActiveRecord::SchemaMigration Load (2.4ms)[0m  SELECT "schema_migrations".* FROM "schema_migrations"

ActiveRecord::PendingMigrationError (

Migrations are pending. To resolve this issue, run:

	bin/rake db:migrate RAILS_ENV=development

):
  activerecord (4.2.10) lib/active_record/migration.rb:392:in `check_pending!'
  activerecord (4.2.10) lib/active_record/migration.rb:373:in `call'
  actionpack (4.2.10) lib/action_dispatch/middleware/callbacks.rb:29:in `block in call'
  activesupport (4.2.10) lib/active_support/callbacks.rb:88:in `__run_callbacks__'
  activesupport (4.2.10) lib/active_support/callbacks.rb:778:in `_run_call_callbacks'
  activesupport (4.2.10) lib/active_support/callbacks.rb:81:in `run_callbacks'
  actionpack (4.2.10) lib/action_dispatch/middleware/callbacks.rb:27:in `call'
  actionpack (4.2.10) lib/action_dispatch/middleware/reloader.rb:73:in `call'
  actionpack (4.2.10) lib/action_dispatch/middleware/remote_ip.rb:78:in `call'
  actionpack (4.2.10) lib/action_dispatch/middleware/debug_exceptions.rb:17:in `call'
  actionpack (4.2.10) lib/action_dispatch/middleware/show_exceptions.rb:30:in `call'
  railties (4.2.10) lib/rails/rack/logger.rb:38:in `call_app'
  railties (4.2.10) lib/rails/rack/logger.rb:20:in `block in call'
  activesupport (4.2.10) lib/active_support/tagged_logging.rb:68:in `block in tagged'
  activesupport (4.2.10) lib/active_support/tagged_logging.rb:26:in `tagged'
  activesupport (4.2.10) lib/active_support/tagged_logging.rb:68:in `tagged'
  railties (4.2.10) lib/rails/rack/logger.rb:20:in `call'
  actionpack (4.2.10) lib/action_dispatch/middleware/request_id.rb:21:in `call'
  rack (1.6.10) lib/rack/methodoverride.rb:22:in `call'
  rack (1.6.10) lib/rack/runtime.rb:18:in `call'
  activesupport (4.2.10) lib/active_support/cache/strategy/local_cache_middleware.rb:28:in `call'
  rack (1.6.10) lib/rack/lock.rb:17:in `call'
  actionpack (4.2.10) lib/action_dispatch/middleware/static.rb:120:in `call'
  rack (1.6.10) lib/rack/sendfile.rb:113:in `call'
  railties (4.2.10) lib/rails/engine.rb:518:in `call'
  railties (4.2.10) lib/rails/application.rb:165:in `call'
  rack (1.6.10) lib/rack/lock.rb:17:in `call'
  rack (1.6.10) lib/rack/content_length.rb:15:in `call'
  rack (1.6.10) lib/rack/handler/webrick.rb:88:in `service'
  /Users/alexbackup/.rvm/rubies/ruby-2.3.3/lib/ruby/2.3.0/webrick/httpserver.rb:140:in `service'
  /Users/alexbackup/.rvm/rubies/ruby-2.3.3/lib/ruby/2.3.0/webrick/httpserver.rb:96:in `run'
  /Users/alexbackup/.rvm/rubies/ruby-2.3.3/lib/ruby/2.3.0/webrick/server.rb:296:in `block in start_thread'


  Rendered /Users/alexbackup/.rvm/gems/ruby-2.3.3/gems/actionpack-4.2.10/lib/action_dispatch/middleware/templates/rescues/_source.erb (19.2ms)
  Rendered /Users/alexbackup/.rvm/gems/ruby-2.3.3/gems/actionpack-4.2.10/lib/action_dispatch/middleware/templates/rescues/_trace.html.erb (6.4ms)
  Rendered /Users/alexbackup/.rvm/gems/ruby-2.3.3/gems/actionpack-4.2.10/lib/action_dispatch/middleware/templates/rescues/_request_and_response.html.erb (4.8ms)
  Rendered /Users/alexbackup/.rvm/gems/ruby-2.3.3/gems/actionpack-4.2.10/lib/action_dispatch/middleware/templates/rescues/diagnostics.html.erb within rescues/layout (405.2ms)
  [1m[36mActiveRecord::SchemaMigration Load (0.3ms)[0m  [1mSELECT "schema_migrations".* FROM "schema_migrations"[0m
Migrating to CreateSchoolClasses (20180724171154)
  [1m[35m (0.1ms)[0m  begin transaction
  [1m[36m (12.2ms)[0m  [1mCREATE TABLE "school_classes" ("id" INTEGER PRIMARY KEY AUTOINCREMENT NOT NULL, "title" varchar, "room_number" integer, "created_at" datetime NOT NULL, "updated_at" datetime NOT NULL) [0m
  [1m[35mSQL (0.9ms)[0m  INSERT INTO "schema_migrations" ("version") VALUES (?)  [["version", "20180724171154"]]
  [1m[36m (7.3ms)[0m  [1mcommit transaction[0m
  [1m[35mActiveRecord::SchemaMigration Load (0.1ms)[0m  SELECT "schema_migrations".* FROM "schema_migrations"


Started GET "/student/" for ::1 at 2018-07-24 13:14:22 -0400
  [1m[36mActiveRecord::SchemaMigration Load (0.3ms)[0m  [1mSELECT "schema_migrations".* FROM "schema_migrations"[0m

ActionController::RoutingError (No route matches [GET] "/student"):
  actionpack (4.2.10) lib/action_dispatch/middleware/debug_exceptions.rb:21:in `call'
  actionpack (4.2.10) lib/action_dispatch/middleware/show_exceptions.rb:30:in `call'
  railties (4.2.10) lib/rails/rack/logger.rb:38:in `call_app'
  railties (4.2.10) lib/rails/rack/logger.rb:20:in `block in call'
  activesupport (4.2.10) lib/active_support/tagged_logging.rb:68:in `block in tagged'
  activesupport (4.2.10) lib/active_support/tagged_logging.rb:26:in `tagged'
  activesupport (4.2.10) lib/active_support/tagged_logging.rb:68:in `tagged'
  railties (4.2.10) lib/rails/rack/logger.rb:20:in `call'
  actionpack (4.2.10) lib/action_dispatch/middleware/request_id.rb:21:in `call'
  rack (1.6.10) lib/rack/methodoverride.rb:22:in `call'
  rack (1.6.10) lib/rack/runtime.rb:18:in `call'
  activesupport (4.2.10) lib/active_support/cache/strategy/local_cache_middleware.rb:28:in `call'
  rack (1.6.10) lib/rack/lock.rb:17:in `call'
  actionpack (4.2.10) lib/action_dispatch/middleware/static.rb:120:in `call'
  rack (1.6.10) lib/rack/sendfile.rb:113:in `call'
  railties (4.2.10) lib/rails/engine.rb:518:in `call'
  railties (4.2.10) lib/rails/application.rb:165:in `call'
  rack (1.6.10) lib/rack/lock.rb:17:in `call'
  rack (1.6.10) lib/rack/content_length.rb:15:in `call'
  rack (1.6.10) lib/rack/handler/webrick.rb:88:in `service'
  /Users/alexbackup/.rvm/rubies/ruby-2.3.3/lib/ruby/2.3.0/webrick/httpserver.rb:140:in `service'
  /Users/alexbackup/.rvm/rubies/ruby-2.3.3/lib/ruby/2.3.0/webrick/httpserver.rb:96:in `run'
  /Users/alexbackup/.rvm/rubies/ruby-2.3.3/lib/ruby/2.3.0/webrick/server.rb:296:in `block in start_thread'


  Rendered /Users/alexbackup/.rvm/gems/ruby-2.3.3/gems/actionpack-4.2.10/lib/action_dispatch/middleware/templates/rescues/_trace.html.erb (6.6ms)
  Rendered /Users/alexbackup/.rvm/gems/ruby-2.3.3/gems/actionpack-4.2.10/lib/action_dispatch/middleware/templates/routes/_route.html.erb (8.1ms)
  Rendered /Users/alexbackup/.rvm/gems/ruby-2.3.3/gems/actionpack-4.2.10/lib/action_dispatch/middleware/templates/routes/_table.html.erb (4.4ms)
  Rendered /Users/alexbackup/.rvm/gems/ruby-2.3.3/gems/actionpack-4.2.10/lib/action_dispatch/middleware/templates/rescues/_request_and_response.html.erb (3.2ms)
  Rendered /Users/alexbackup/.rvm/gems/ruby-2.3.3/gems/actionpack-4.2.10/lib/action_dispatch/middleware/templates/rescues/routing_error.html.erb within rescues/layout (323.6ms)


Started GET "/students/" for ::1 at 2018-07-24 13:14:45 -0400
Processing by StudentsController#index as HTML
Completed 500 Internal Server Error in 15ms (ActiveRecord: 0.0ms)

ActionView::MissingTemplate (Missing template students/index, application/index with {:locale=>[:en], :formats=>[:html], :variants=>[], :handlers=>[:erb, :builder, :raw, :ruby, :coffee, :jbuilder]}. Searched in:
  * "/Users/alexbackup/Development/code/labs-week5/rails-form_for-lab-dumbo-web-062518/app/views"
):
  actionview (4.2.10) lib/action_view/path_set.rb:46:in `find'
  actionview (4.2.10) lib/action_view/lookup_context.rb:121:in `find'
  actionview (4.2.10) lib/action_view/renderer/abstract_renderer.rb:18:in `find_template'
  actionview (4.2.10) lib/action_view/renderer/template_renderer.rb:40:in `determine_template'
  actionview (4.2.10) lib/action_view/renderer/template_renderer.rb:8:in `render'
  actionview (4.2.10) lib/action_view/renderer/renderer.rb:46:in `render_template'
  actionview (4.2.10) lib/action_view/renderer/renderer.rb:27:in `render'
  actionview (4.2.10) lib/action_view/rendering.rb:100:in `_render_template'
  actionpack (4.2.10) lib/action_controller/metal/streaming.rb:217:in `_render_template'
  actionview (4.2.10) lib/action_view/rendering.rb:83:in `render_to_body'
  actionpack (4.2.10) lib/action_controller/metal/rendering.rb:32:in `render_to_body'
  actionpack (4.2.10) lib/action_controller/metal/renderers.rb:37:in `render_to_body'
  actionpack (4.2.10) lib/abstract_controller/rendering.rb:25:in `render'
  actionpack (4.2.10) lib/action_controller/metal/rendering.rb:16:in `render'
  actionpack (4.2.10) lib/action_controller/metal/instrumentation.rb:44:in `block (2 levels) in render'
  activesupport (4.2.10) lib/active_support/core_ext/benchmark.rb:12:in `block in ms'
  /Users/alexbackup/.rvm/rubies/ruby-2.3.3/lib/ruby/2.3.0/benchmark.rb:308:in `realtime'
  activesupport (4.2.10) lib/active_support/core_ext/benchmark.rb:12:in `ms'
  actionpack (4.2.10) lib/action_controller/metal/instrumentation.rb:44:in `block in render'
  actionpack (4.2.10) lib/action_controller/metal/instrumentation.rb:87:in `cleanup_view_runtime'
  activerecord (4.2.10) lib/active_record/railties/controller_runtime.rb:25:in `cleanup_view_runtime'
  actionpack (4.2.10) lib/action_controller/metal/instrumentation.rb:43:in `render'
  actionpack (4.2.10) lib/action_controller/metal/implicit_render.rb:10:in `default_render'
  actionpack (4.2.10) lib/action_controller/metal/implicit_render.rb:5:in `send_action'
  actionpack (4.2.10) lib/abstract_controller/base.rb:198:in `process_action'
  actionpack (4.2.10) lib/action_controller/metal/rendering.rb:10:in `process_action'
  actionpack (4.2.10) lib/abstract_controller/callbacks.rb:20:in `block in process_action'
  activesupport (4.2.10) lib/active_support/callbacks.rb:117:in `call'
  activesupport (4.2.10) lib/active_support/callbacks.rb:555:in `block (2 levels) in compile'
  activesupport (4.2.10) lib/active_support/callbacks.rb:505:in `call'
  activesupport (4.2.10) lib/active_support/callbacks.rb:92:in `__run_callbacks__'
  activesupport (4.2.10) lib/active_support/callbacks.rb:778:in `_run_process_action_callbacks'
  activesupport (4.2.10) lib/active_support/callbacks.rb:81:in `run_callbacks'
  actionpack (4.2.10) lib/abstract_controller/callbacks.rb:19:in `process_action'
  actionpack (4.2.10) lib/action_controller/metal/rescue.rb:29:in `process_action'
  actionpack (4.2.10) lib/action_controller/metal/instrumentation.rb:32:in `block in process_action'
  activesupport (4.2.10) lib/active_support/notifications.rb:164:in `block in instrument'
  activesupport (4.2.10) lib/active_support/notifications/instrumenter.rb:20:in `instrument'
  activesupport (4.2.10) lib/active_support/notifications.rb:164:in `instrument'
  actionpack (4.2.10) lib/action_controller/metal/instrumentation.rb:30:in `process_action'
  actionpack (4.2.10) lib/action_controller/metal/params_wrapper.rb:250:in `process_action'
  activerecord (4.2.10) lib/active_record/railties/controller_runtime.rb:18:in `process_action'
  actionpack (4.2.10) lib/abstract_controller/base.rb:137:in `process'
  actionview (4.2.10) lib/action_view/rendering.rb:30:in `process'
  actionpack (4.2.10) lib/action_controller/metal.rb:196:in `dispatch'
  actionpack (4.2.10) lib/action_controller/metal/rack_delegation.rb:13:in `dispatch'
  actionpack (4.2.10) lib/action_controller/metal.rb:237:in `block in action'
  actionpack (4.2.10) lib/action_dispatch/routing/route_set.rb:74:in `dispatch'
  actionpack (4.2.10) lib/action_dispatch/routing/route_set.rb:43:in `serve'
  actionpack (4.2.10) lib/action_dispatch/journey/router.rb:43:in `block in serve'
  actionpack (4.2.10) lib/action_dispatch/journey/router.rb:30:in `each'
  actionpack (4.2.10) lib/action_dispatch/journey/router.rb:30:in `serve'
  actionpack (4.2.10) lib/action_dispatch/routing/route_set.rb:817:in `call'
  rack (1.6.10) lib/rack/etag.rb:24:in `call'
  rack (1.6.10) lib/rack/conditionalget.rb:25:in `call'
  rack (1.6.10) lib/rack/head.rb:13:in `call'
  actionpack (4.2.10) lib/action_dispatch/middleware/params_parser.rb:27:in `call'
  actionpack (4.2.10) lib/action_dispatch/middleware/flash.rb:260:in `call'
  rack (1.6.10) lib/rack/session/abstract/id.rb:225:in `context'
  rack (1.6.10) lib/rack/session/abstract/id.rb:220:in `call'
  actionpack (4.2.10) lib/action_dispatch/middleware/cookies.rb:560:in `call'
  activerecord (4.2.10) lib/active_record/query_cache.rb:36:in `call'
  activerecord (4.2.10) lib/active_record/connection_adapters/abstract/connection_pool.rb:653:in `call'
  activerecord (4.2.10) lib/active_record/migration.rb:377:in `call'
  actionpack (4.2.10) lib/action_dispatch/middleware/callbacks.rb:29:in `block in call'
  activesupport (4.2.10) lib/active_support/callbacks.rb:88:in `__run_callbacks__'
  activesupport (4.2.10) lib/active_support/callbacks.rb:778:in `_run_call_callbacks'
  activesupport (4.2.10) lib/active_support/callbacks.rb:81:in `run_callbacks'
  actionpack (4.2.10) lib/action_dispatch/middleware/callbacks.rb:27:in `call'
  actionpack (4.2.10) lib/action_dispatch/middleware/reloader.rb:73:in `call'
  actionpack (4.2.10) lib/action_dispatch/middleware/remote_ip.rb:78:in `call'
  actionpack (4.2.10) lib/action_dispatch/middleware/debug_exceptions.rb:17:in `call'
  actionpack (4.2.10) lib/action_dispatch/middleware/show_exceptions.rb:30:in `call'
  railties (4.2.10) lib/rails/rack/logger.rb:38:in `call_app'
  railties (4.2.10) lib/rails/rack/logger.rb:20:in `block in call'
  activesupport (4.2.10) lib/active_support/tagged_logging.rb:68:in `block in tagged'
  activesupport (4.2.10) lib/active_support/tagged_logging.rb:26:in `tagged'
  activesupport (4.2.10) lib/active_support/tagged_logging.rb:68:in `tagged'
  railties (4.2.10) lib/rails/rack/logger.rb:20:in `call'
  actionpack (4.2.10) lib/action_dispatch/middleware/request_id.rb:21:in `call'
  rack (1.6.10) lib/rack/methodoverride.rb:22:in `call'
  rack (1.6.10) lib/rack/runtime.rb:18:in `call'
  activesupport (4.2.10) lib/active_support/cache/strategy/local_cache_middleware.rb:28:in `call'
  rack (1.6.10) lib/rack/lock.rb:17:in `call'
  actionpack (4.2.10) lib/action_dispatch/middleware/static.rb:120:in `call'
  rack (1.6.10) lib/rack/sendfile.rb:113:in `call'
  railties (4.2.10) lib/rails/engine.rb:518:in `call'
  railties (4.2.10) lib/rails/application.rb:165:in `call'
  rack (1.6.10) lib/rack/lock.rb:17:in `call'
  rack (1.6.10) lib/rack/content_length.rb:15:in `call'
  rack (1.6.10) lib/rack/handler/webrick.rb:88:in `service'
  /Users/alexbackup/.rvm/rubies/ruby-2.3.3/lib/ruby/2.3.0/webrick/httpserver.rb:140:in `service'
  /Users/alexbackup/.rvm/rubies/ruby-2.3.3/lib/ruby/2.3.0/webrick/httpserver.rb:96:in `run'
  /Users/alexbackup/.rvm/rubies/ruby-2.3.3/lib/ruby/2.3.0/webrick/server.rb:296:in `block in start_thread'


  Rendered /Users/alexbackup/.rvm/gems/ruby-2.3.3/gems/actionpack-4.2.10/lib/action_dispatch/middleware/templates/rescues/_source.erb (11.1ms)
  Rendered /Users/alexbackup/.rvm/gems/ruby-2.3.3/gems/actionpack-4.2.10/lib/action_dispatch/middleware/templates/rescues/_trace.html.erb (6.0ms)
  Rendered /Users/alexbackup/.rvm/gems/ruby-2.3.3/gems/actionpack-4.2.10/lib/action_dispatch/middleware/templates/rescues/_request_and_response.html.erb (1.7ms)
  Rendered /Users/alexbackup/.rvm/gems/ruby-2.3.3/gems/actionpack-4.2.10/lib/action_dispatch/middleware/templates/rescues/missing_template.html.erb within rescues/layout (162.2ms)


Started GET "/students/" for ::1 at 2018-07-24 14:07:03 -0400
Processing by StudentsController#index as HTML
  Rendered students/index.html.erb within layouts/application (17.3ms)
Completed 500 Internal Server Error in 60ms (ActiveRecord: 0.0ms)

ActionView::Template::Error (undefined method `each' for nil:NilClass):
    1: <% @Students.each do |student|  %>
    2:   <div><%= student.to_s %></div>
    3: <% end %>
  app/views/students/index.html.erb:1:in `_app_views_students_index_html_erb__617478894906863334_70276536604460'


  Rendered /Users/alexbackup/.rvm/gems/ruby-2.3.3/gems/actionpack-4.2.10/lib/action_dispatch/middleware/templates/rescues/_source.erb (26.7ms)
  Rendered /Users/alexbackup/.rvm/gems/ruby-2.3.3/gems/actionpack-4.2.10/lib/action_dispatch/middleware/templates/rescues/_trace.html.erb (16.9ms)
  Rendered /Users/alexbackup/.rvm/gems/ruby-2.3.3/gems/actionpack-4.2.10/lib/action_dispatch/middleware/templates/rescues/_request_and_response.html.erb (18.5ms)
  Rendered /Users/alexbackup/.rvm/gems/ruby-2.3.3/gems/actionpack-4.2.10/lib/action_dispatch/middleware/templates/rescues/template_error.html.erb within rescues/layout (209.6ms)


Started GET "/students/" for ::1 at 2018-07-24 14:18:56 -0400
Processing by StudentsController#index as HTML
  Rendered students/index.html.erb within layouts/application (18.2ms)
Completed 500 Internal Server Error in 43ms (ActiveRecord: 0.0ms)

ActionView::Template::Error (undefined method `each' for nil:NilClass):
    1: <% @Students.each do |student|  %>
    2:   <div><%= student.to_s %></div>
    3: <% end %>
  app/views/students/index.html.erb:1:in `_app_views_students_index_html_erb__617478894906863334_70276518530780'


  Rendered /Users/alexbackup/.rvm/gems/ruby-2.3.3/gems/actionpack-4.2.10/lib/action_dispatch/middleware/templates/rescues/_source.erb (22.7ms)
  Rendered /Users/alexbackup/.rvm/gems/ruby-2.3.3/gems/actionpack-4.2.10/lib/action_dispatch/middleware/templates/rescues/_trace.html.erb (16.4ms)
  Rendered /Users/alexbackup/.rvm/gems/ruby-2.3.3/gems/actionpack-4.2.10/lib/action_dispatch/middleware/templates/rescues/_request_and_response.html.erb (5.3ms)
  Rendered /Users/alexbackup/.rvm/gems/ruby-2.3.3/gems/actionpack-4.2.10/lib/action_dispatch/middleware/templates/rescues/template_error.html.erb within rescues/layout (149.5ms)


Started GET "/students/new" for ::1 at 2018-07-24 14:19:07 -0400
Processing by StudentsController#new as HTML
  Rendered students/new.html.erb within layouts/application (131.1ms)
Completed 500 Internal Server Error in 212ms (ActiveRecord: 5.2ms)

ActionView::Template::Error (undefined method `title' for #<Student:0x007fd51007a818>):
    1: <%= form_for(@student) do |f|  %>
    2:   <%= f.label :title %>
    3:   <%= f.text_field :title %>
    4:   <%= f.label :room_number %>
    5:   <%= f.number_field :room_number %>
    6:   <%= f.submit %>
  app/views/students/new.html.erb:3:in `block in _app_views_students_new_html_erb___3379485044048353898_70276518759420'
  app/views/students/new.html.erb:1:in `_app_views_students_new_html_erb___3379485044048353898_70276518759420'


  Rendered /Users/alexbackup/.rvm/gems/ruby-2.3.3/gems/actionpack-4.2.10/lib/action_dispatch/middleware/templates/rescues/_source.erb (21.7ms)
  Rendered /Users/alexbackup/.rvm/gems/ruby-2.3.3/gems/actionpack-4.2.10/lib/action_dispatch/middleware/templates/rescues/_trace.html.erb (5.3ms)
  Rendered /Users/alexbackup/.rvm/gems/ruby-2.3.3/gems/actionpack-4.2.10/lib/action_dispatch/middleware/templates/rescues/_request_and_response.html.erb (0.9ms)
  Rendered /Users/alexbackup/.rvm/gems/ruby-2.3.3/gems/actionpack-4.2.10/lib/action_dispatch/middleware/templates/rescues/template_error.html.erb within rescues/layout (121.0ms)


Started GET "/schoolclass/new" for ::1 at 2018-07-24 14:19:26 -0400

ActionController::RoutingError (No route matches [GET] "/schoolclass/new"):
  actionpack (4.2.10) lib/action_dispatch/middleware/debug_exceptions.rb:21:in `call'
  actionpack (4.2.10) lib/action_dispatch/middleware/show_exceptions.rb:30:in `call'
  railties (4.2.10) lib/rails/rack/logger.rb:38:in `call_app'
  railties (4.2.10) lib/rails/rack/logger.rb:20:in `block in call'
  activesupport (4.2.10) lib/active_support/tagged_logging.rb:68:in `block in tagged'
  activesupport (4.2.10) lib/active_support/tagged_logging.rb:26:in `tagged'
  activesupport (4.2.10) lib/active_support/tagged_logging.rb:68:in `tagged'
  railties (4.2.10) lib/rails/rack/logger.rb:20:in `call'
  actionpack (4.2.10) lib/action_dispatch/middleware/request_id.rb:21:in `call'
  rack (1.6.10) lib/rack/methodoverride.rb:22:in `call'
  rack (1.6.10) lib/rack/runtime.rb:18:in `call'
  activesupport (4.2.10) lib/active_support/cache/strategy/local_cache_middleware.rb:28:in `call'
  rack (1.6.10) lib/rack/lock.rb:17:in `call'
  actionpack (4.2.10) lib/action_dispatch/middleware/static.rb:120:in `call'
  rack (1.6.10) lib/rack/sendfile.rb:113:in `call'
  railties (4.2.10) lib/rails/engine.rb:518:in `call'
  railties (4.2.10) lib/rails/application.rb:165:in `call'
  rack (1.6.10) lib/rack/lock.rb:17:in `call'
  rack (1.6.10) lib/rack/content_length.rb:15:in `call'
  rack (1.6.10) lib/rack/handler/webrick.rb:88:in `service'
  /Users/alexbackup/.rvm/rubies/ruby-2.3.3/lib/ruby/2.3.0/webrick/httpserver.rb:140:in `service'
  /Users/alexbackup/.rvm/rubies/ruby-2.3.3/lib/ruby/2.3.0/webrick/httpserver.rb:96:in `run'
  /Users/alexbackup/.rvm/rubies/ruby-2.3.3/lib/ruby/2.3.0/webrick/server.rb:296:in `block in start_thread'


  Rendered /Users/alexbackup/.rvm/gems/ruby-2.3.3/gems/actionpack-4.2.10/lib/action_dispatch/middleware/templates/rescues/_trace.html.erb (5.6ms)
  Rendered /Users/alexbackup/.rvm/gems/ruby-2.3.3/gems/actionpack-4.2.10/lib/action_dispatch/middleware/templates/routes/_route.html.erb (2.6ms)
  Rendered /Users/alexbackup/.rvm/gems/ruby-2.3.3/gems/actionpack-4.2.10/lib/action_dispatch/middleware/templates/routes/_table.html.erb (2.7ms)
  Rendered /Users/alexbackup/.rvm/gems/ruby-2.3.3/gems/actionpack-4.2.10/lib/action_dispatch/middleware/templates/rescues/_request_and_response.html.erb (1.7ms)
  Rendered /Users/alexbackup/.rvm/gems/ruby-2.3.3/gems/actionpack-4.2.10/lib/action_dispatch/middleware/templates/rescues/routing_error.html.erb within rescues/layout (149.8ms)


Started GET "/schoolclasses/new" for ::1 at 2018-07-24 14:19:31 -0400

ActionController::RoutingError (No route matches [GET] "/schoolclasses/new"):
  actionpack (4.2.10) lib/action_dispatch/middleware/debug_exceptions.rb:21:in `call'
  actionpack (4.2.10) lib/action_dispatch/middleware/show_exceptions.rb:30:in `call'
  railties (4.2.10) lib/rails/rack/logger.rb:38:in `call_app'
  railties (4.2.10) lib/rails/rack/logger.rb:20:in `block in call'
  activesupport (4.2.10) lib/active_support/tagged_logging.rb:68:in `block in tagged'
  activesupport (4.2.10) lib/active_support/tagged_logging.rb:26:in `tagged'
  activesupport (4.2.10) lib/active_support/tagged_logging.rb:68:in `tagged'
  railties (4.2.10) lib/rails/rack/logger.rb:20:in `call'
  actionpack (4.2.10) lib/action_dispatch/middleware/request_id.rb:21:in `call'
  rack (1.6.10) lib/rack/methodoverride.rb:22:in `call'
  rack (1.6.10) lib/rack/runtime.rb:18:in `call'
  activesupport (4.2.10) lib/active_support/cache/strategy/local_cache_middleware.rb:28:in `call'
  rack (1.6.10) lib/rack/lock.rb:17:in `call'
  actionpack (4.2.10) lib/action_dispatch/middleware/static.rb:120:in `call'
  rack (1.6.10) lib/rack/sendfile.rb:113:in `call'
  railties (4.2.10) lib/rails/engine.rb:518:in `call'
  railties (4.2.10) lib/rails/application.rb:165:in `call'
  rack (1.6.10) lib/rack/lock.rb:17:in `call'
  rack (1.6.10) lib/rack/content_length.rb:15:in `call'
  rack (1.6.10) lib/rack/handler/webrick.rb:88:in `service'
  /Users/alexbackup/.rvm/rubies/ruby-2.3.3/lib/ruby/2.3.0/webrick/httpserver.rb:140:in `service'
  /Users/alexbackup/.rvm/rubies/ruby-2.3.3/lib/ruby/2.3.0/webrick/httpserver.rb:96:in `run'
  /Users/alexbackup/.rvm/rubies/ruby-2.3.3/lib/ruby/2.3.0/webrick/server.rb:296:in `block in start_thread'


  Rendered /Users/alexbackup/.rvm/gems/ruby-2.3.3/gems/actionpack-4.2.10/lib/action_dispatch/middleware/templates/rescues/_trace.html.erb (2.1ms)
  Rendered /Users/alexbackup/.rvm/gems/ruby-2.3.3/gems/actionpack-4.2.10/lib/action_dispatch/middleware/templates/routes/_route.html.erb (1.3ms)
  Rendered /Users/alexbackup/.rvm/gems/ruby-2.3.3/gems/actionpack-4.2.10/lib/action_dispatch/middleware/templates/routes/_table.html.erb (3.9ms)
  Rendered /Users/alexbackup/.rvm/gems/ruby-2.3.3/gems/actionpack-4.2.10/lib/action_dispatch/middleware/templates/rescues/_request_and_response.html.erb (1.3ms)
  Rendered /Users/alexbackup/.rvm/gems/ruby-2.3.3/gems/actionpack-4.2.10/lib/action_dispatch/middleware/templates/rescues/routing_error.html.erb within rescues/layout (129.7ms)


Started GET "/students/new" for ::1 at 2018-07-24 14:19:45 -0400
Processing by StudentsController#new as HTML
  Rendered students/new.html.erb within layouts/application (6.5ms)
Completed 500 Internal Server Error in 15ms (ActiveRecord: 0.0ms)

ActionView::Template::Error (undefined method `title' for #<Student:0x007fd50cd09ab0>):
    1: <%= form_for(@student) do |f|  %>
    2:   <%= f.label :title %>
    3:   <%= f.text_field :title %>
    4:   <%= f.label :room_number %>
    5:   <%= f.number_field :room_number %>
    6:   <%= f.submit %>
  app/views/students/new.html.erb:3:in `block in _app_views_students_new_html_erb___3379485044048353898_70276518759420'
  app/views/students/new.html.erb:1:in `_app_views_students_new_html_erb___3379485044048353898_70276518759420'


  Rendered /Users/alexbackup/.rvm/gems/ruby-2.3.3/gems/actionpack-4.2.10/lib/action_dispatch/middleware/templates/rescues/_source.erb (19.0ms)
  Rendered /Users/alexbackup/.rvm/gems/ruby-2.3.3/gems/actionpack-4.2.10/lib/action_dispatch/middleware/templates/rescues/_trace.html.erb (4.6ms)
  Rendered /Users/alexbackup/.rvm/gems/ruby-2.3.3/gems/actionpack-4.2.10/lib/action_dispatch/middleware/templates/rescues/_request_and_response.html.erb (1.5ms)
  Rendered /Users/alexbackup/.rvm/gems/ruby-2.3.3/gems/actionpack-4.2.10/lib/action_dispatch/middleware/templates/rescues/template_error.html.erb within rescues/layout (152.1ms)


Started GET "/students/new" for ::1 at 2018-07-24 14:20:31 -0400
Processing by StudentsController#new as HTML
  Rendered students/new.html.erb within layouts/application (9.5ms)
Completed 200 OK in 651ms (Views: 650.8ms | ActiveRecord: 0.0ms)


Started GET "/students/new" for ::1 at 2018-07-24 14:23:08 -0400
Processing by StudentsController#new as HTML
  Rendered students/new.html.erb within layouts/application (6.1ms)
Completed 200 OK in 75ms (Views: 56.0ms | ActiveRecord: 0.8ms)


Started POST "/students" for ::1 at 2018-07-24 14:23:25 -0400
Processing by StudentsController#create as HTML
  Parameters: {"utf8"=>"✓", "authenticity_token"=>"ZDgLN01D9BsjQmBpyYNx06sgU7zSgmUcQgourKHDPKvZGq6MfQ1XPsTkt4PyceCD93zAubDVoqXeIyA8eQ9UHw==", "student"=>{"first_name"=>"John", "last_name"=>"Ashbery"}, "commit"=>"Create Student"}
Unpermitted parameters: first_name, last_name
Completed 500 Internal Server Error in 67988ms (ActiveRecord: 0.0ms)

SystemExit (exit):
  app/controllers/students_controller.rb:17:in `create'


  Rendered /Users/alexbackup/.rvm/gems/ruby-2.3.3/gems/actionpack-4.2.10/lib/action_dispatch/middleware/templates/rescues/_source.erb (138.9ms)
  Rendered /Users/alexbackup/.rvm/gems/ruby-2.3.3/gems/actionpack-4.2.10/lib/action_dispatch/middleware/templates/rescues/_trace.html.erb (27.0ms)
  Rendered /Users/alexbackup/.rvm/gems/ruby-2.3.3/gems/actionpack-4.2.10/lib/action_dispatch/middleware/templates/rescues/_request_and_response.html.erb (4.7ms)
  Rendered /Users/alexbackup/.rvm/gems/ruby-2.3.3/gems/actionpack-4.2.10/lib/action_dispatch/middleware/templates/rescues/diagnostics.html.erb within rescues/layout (314.0ms)


Started GET "/students/new" for ::1 at 2018-07-24 14:24:44 -0400
Processing by StudentsController#new as HTML
  Rendered students/new.html.erb within layouts/application (44.3ms)
Completed 200 OK in 367ms (Views: 294.9ms | ActiveRecord: 4.1ms)


Started POST "/students" for ::1 at 2018-07-24 14:24:54 -0400
Processing by StudentsController#create as HTML
  Parameters: {"utf8"=>"✓", "authenticity_token"=>"8rdyUhzijGXc2c0ayFzwdIlodimMUeJC11JjNlpTEIhPldfpLKwvQDt/GvDzrmEk1TTlLO4GJftLe22mgp94PA==", "student"=>{"first_name"=>"Emily", "last_name"=>"Dickinson"}, "commit"=>"Create Student"}
Completed 500 Internal Server Error in 13ms (ActiveRecord: 0.0ms)

SystemExit (exit):
  app/controllers/students_controller.rb:17:in `create'


  Rendered /Users/alexbackup/.rvm/gems/ruby-2.3.3/gems/actionpack-4.2.10/lib/action_dispatch/middleware/templates/rescues/_source.erb (285.0ms)
  Rendered /Users/alexbackup/.rvm/gems/ruby-2.3.3/gems/actionpack-4.2.10/lib/action_dispatch/middleware/templates/rescues/_trace.html.erb (85.7ms)
  Rendered /Users/alexbackup/.rvm/gems/ruby-2.3.3/gems/actionpack-4.2.10/lib/action_dispatch/middleware/templates/rescues/_request_and_response.html.erb (5.3ms)
  Rendered /Users/alexbackup/.rvm/gems/ruby-2.3.3/gems/actionpack-4.2.10/lib/action_dispatch/middleware/templates/rescues/diagnostics.html.erb within rescues/layout (567.4ms)


Started POST "/students" for ::1 at 2018-07-24 14:25:16 -0400
Processing by StudentsController#create as HTML
  Parameters: {"utf8"=>"✓", "authenticity_token"=>"8rdyUhzijGXc2c0ayFzwdIlodimMUeJC11JjNlpTEIhPldfpLKwvQDt/GvDzrmEk1TTlLO4GJftLe22mgp94PA==", "student"=>{"first_name"=>"Emily", "last_name"=>"Dickinson"}, "commit"=>"Create Student"}
  [1m[35m (0.3ms)[0m  begin transaction
  [1m[36mSQL (3.8ms)[0m  [1mINSERT INTO "students" ("first_name", "last_name", "created_at", "updated_at") VALUES (?, ?, ?, ?)[0m  [["first_name", "Emily"], ["last_name", "Dickinson"], ["created_at", "2018-07-24 18:25:16.863089"], ["updated_at", "2018-07-24 18:25:16.863089"]]
  [1m[35m (4.2ms)[0m  commit transaction
Redirected to http://localhost:3000/students/3
Completed 302 Found in 131ms (ActiveRecord: 14.2ms)


Started GET "/students/3" for ::1 at 2018-07-24 14:25:17 -0400
Processing by StudentsController#show as HTML
  Parameters: {"id"=>"3"}
  [1m[36mStudent Load (1.0ms)[0m  [1mSELECT  "students".* FROM "students" WHERE "students"."id" = ? LIMIT 1[0m  [["id", 3]]
  Rendered students/show.html.erb within layouts/application (2.7ms)
Completed 200 OK in 248ms (Views: 208.0ms | ActiveRecord: 1.0ms)


Started GET "/students/" for ::1 at 2018-07-24 14:25:22 -0400
Processing by StudentsController#index as HTML
  Rendered students/index.html.erb within layouts/application (109.4ms)
Completed 500 Internal Server Error in 143ms (ActiveRecord: 0.0ms)

ActionView::Template::Error (undefined method `each' for nil:NilClass):
    1: <% @Students.each do |student|  %>
    2:   <div><%= student.to_s %></div>
    3: <% end %>
  app/views/students/index.html.erb:1:in `_app_views_students_index_html_erb__617478894906863334_70276518530780'


  Rendered /Users/alexbackup/.rvm/gems/ruby-2.3.3/gems/actionpack-4.2.10/lib/action_dispatch/middleware/templates/rescues/_source.erb (461.4ms)
  Rendered /Users/alexbackup/.rvm/gems/ruby-2.3.3/gems/actionpack-4.2.10/lib/action_dispatch/middleware/templates/rescues/_trace.html.erb (106.1ms)
  Rendered /Users/alexbackup/.rvm/gems/ruby-2.3.3/gems/actionpack-4.2.10/lib/action_dispatch/middleware/templates/rescues/_request_and_response.html.erb (9.3ms)
  Rendered /Users/alexbackup/.rvm/gems/ruby-2.3.3/gems/actionpack-4.2.10/lib/action_dispatch/middleware/templates/rescues/template_error.html.erb within rescues/layout (739.6ms)


Started GET "/students/new" for ::1 at 2018-07-24 14:25:34 -0400
Processing by StudentsController#new as HTML
  Rendered students/new.html.erb within layouts/application (103.9ms)
Completed 200 OK in 521ms (Views: 434.6ms | ActiveRecord: 0.0ms)


Started POST "/students" for ::1 at 2018-07-24 14:25:40 -0400
Processing by StudentsController#create as HTML
  Parameters: {"utf8"=>"✓", "authenticity_token"=>"1gitbgNFwl8Mzla87uxuwYrBXvEDA3WStju5QV8yB/BrKgjVMwtheutogVbVHv+R1p3N9GFUsisqErfRh/5vRA==", "student"=>{"first_name"=>"Emily", "last_name"=>"Dickinson"}, "commit"=>"Create Student"}
  [1m[35m (1.3ms)[0m  begin transaction
  [1m[36mSQL (1.7ms)[0m  [1mINSERT INTO "students" ("first_name", "last_name", "created_at", "updated_at") VALUES (?, ?, ?, ?)[0m  [["first_name", "Emily"], ["last_name", "Dickinson"], ["created_at", "2018-07-24 18:25:40.928848"], ["updated_at", "2018-07-24 18:25:40.928848"]]
  [1m[35m (11.8ms)[0m  commit transaction
Redirected to http://localhost:3000/students/4
Completed 302 Found in 92ms (ActiveRecord: 14.7ms)


Started GET "/students/4" for ::1 at 2018-07-24 14:25:41 -0400
Processing by StudentsController#show as HTML
  Parameters: {"id"=>"4"}
  [1m[36mStudent Load (2.1ms)[0m  [1mSELECT  "students".* FROM "students" WHERE "students"."id" = ? LIMIT 1[0m  [["id", 4]]
  Rendered students/show.html.erb within layouts/application (4.2ms)
Completed 200 OK in 1336ms (Views: 1314.2ms | ActiveRecord: 2.1ms)


Started GET "/students/" for ::1 at 2018-07-24 14:25:46 -0400
Processing by StudentsController#index as HTML
  Rendered students/index.html.erb within layouts/application (157.2ms)
Completed 500 Internal Server Error in 227ms (ActiveRecord: 0.0ms)

ActionView::Template::Error (undefined method `each' for nil:NilClass):
    1: <% @Students.each do |student|  %>
    2:   <div><%= student.to_s %></div>
    3: <% end %>
  app/views/students/index.html.erb:1:in `_app_views_students_index_html_erb__617478894906863334_70276518530780'


  Rendered /Users/alexbackup/.rvm/gems/ruby-2.3.3/gems/actionpack-4.2.10/lib/action_dispatch/middleware/templates/rescues/_source.erb (558.0ms)
  Rendered /Users/alexbackup/.rvm/gems/ruby-2.3.3/gems/actionpack-4.2.10/lib/action_dispatch/middleware/templates/rescues/_trace.html.erb (128.2ms)
  Rendered /Users/alexbackup/.rvm/gems/ruby-2.3.3/gems/actionpack-4.2.10/lib/action_dispatch/middleware/templates/rescues/_request_and_response.html.erb (10.8ms)
  Rendered /Users/alexbackup/.rvm/gems/ruby-2.3.3/gems/actionpack-4.2.10/lib/action_dispatch/middleware/templates/rescues/template_error.html.erb within rescues/layout (884.1ms)


Started GET "/students/" for ::1 at 2018-07-24 14:26:30 -0400
Processing by StudentsController#index as HTML
  [1m[35mStudent Load (1.2ms)[0m  SELECT "students".* FROM "students"
  Rendered students/index.html.erb within layouts/application (15.1ms)
Completed 200 OK in 284ms (Views: 272.6ms | ActiveRecord: 1.2ms)


Started GET "/students/new" for ::1 at 2018-07-24 14:27:01 -0400
Processing by StudentsController#new as HTML
  Rendered students/new.html.erb within layouts/application (55.2ms)
Completed 200 OK in 429ms (Views: 343.9ms | ActiveRecord: 4.8ms)


Started POST "/students" for ::1 at 2018-07-24 14:27:08 -0400
Processing by StudentsController#create as HTML
  Parameters: {"utf8"=>"✓", "authenticity_token"=>"yXzreNhjQvTlYq90eWZhNe10rHGVMjoXiZcA7KZctrl0Xk7D6C3h0QLEeJ5ClPBlsSg/dPdl/a4Vvg58fpDeDQ==", "student"=>{"first_name"=>"Tony", "last_name"=>"Hoagland"}, "commit"=>"Create Student"}
Unpermitted parameters: first_name, last_name
Unpermitted parameters: first_name, last_name
Completed 500 Internal Server Error in 108055ms (ActiveRecord: 0.0ms)

SystemExit (exit):
  app/controllers/students_controller.rb:17:in `create'


  Rendered /Users/alexbackup/.rvm/gems/ruby-2.3.3/gems/actionpack-4.2.10/lib/action_dispatch/middleware/templates/rescues/_source.erb (160.6ms)
  Rendered /Users/alexbackup/.rvm/gems/ruby-2.3.3/gems/actionpack-4.2.10/lib/action_dispatch/middleware/templates/rescues/_trace.html.erb (38.6ms)
  Rendered /Users/alexbackup/.rvm/gems/ruby-2.3.3/gems/actionpack-4.2.10/lib/action_dispatch/middleware/templates/rescues/_request_and_response.html.erb (5.5ms)
  Rendered /Users/alexbackup/.rvm/gems/ruby-2.3.3/gems/actionpack-4.2.10/lib/action_dispatch/middleware/templates/rescues/diagnostics.html.erb within rescues/layout (335.5ms)


Started GET "/students" for ::1 at 2018-07-24 14:29:30 -0400
  [1m[36mActiveRecord::SchemaMigration Load (2.1ms)[0m  [1mSELECT "schema_migrations".* FROM "schema_migrations"[0m
Processing by StudentsController#index as HTML
  [1m[35mStudent Load (0.6ms)[0m  SELECT "students".* FROM "students"
  Rendered students/index.html.erb within layouts/application (8.3ms)
Completed 200 OK in 369ms (Views: 356.1ms | ActiveRecord: 1.0ms)


Started GET "/students/1/edit" for ::1 at 2018-07-24 14:29:35 -0400
Processing by StudentsController#edit as HTML
  Parameters: {"id"=>"1"}
  [1m[36mStudent Load (0.3ms)[0m  [1mSELECT  "students".* FROM "students" WHERE "students"."id" = ? LIMIT 1[0m  [["id", 1]]
  Rendered students/edit.html.erb within layouts/application (54.9ms)
Completed 200 OK in 92ms (Views: 78.4ms | ActiveRecord: 0.3ms)


Started PATCH "/students/1" for ::1 at 2018-07-24 14:29:40 -0400
Processing by StudentsController#update as HTML
  Parameters: {"utf8"=>"✓", "authenticity_token"=>"tLw6T4HkwSNaqVs3w4M7H53H0kJK/rQfdMilfl73gvwJnp/0sapiBr0PjN34capPwZtBRyipc6bo4avuhjvqSA==", "student"=>{"first_name"=>"Jordan", "last_name"=>"Baker"}, "commit"=>"Update Student", "id"=>"1"}
  [1m[35mStudent Load (0.1ms)[0m  SELECT  "students".* FROM "students" WHERE "students"."id" = ? LIMIT 1  [["id", 1]]
  [1m[36m (0.1ms)[0m  [1mbegin transaction[0m
  [1m[35mSQL (0.7ms)[0m  UPDATE "students" SET "last_name" = ?, "updated_at" = ? WHERE "students"."id" = ?  [["last_name", "Baker"], ["updated_at", "2018-07-24 18:29:40.134085"], ["id", 1]]
  [1m[36m (2.5ms)[0m  [1mcommit transaction[0m
Redirected to http://localhost:3000/students/1
Completed 302 Found in 11ms (ActiveRecord: 3.4ms)


Started GET "/students/1" for ::1 at 2018-07-24 14:29:40 -0400
Processing by StudentsController#show as HTML
  Parameters: {"id"=>"1"}
  [1m[35mStudent Load (0.3ms)[0m  SELECT  "students".* FROM "students" WHERE "students"."id" = ? LIMIT 1  [["id", 1]]
  Rendered students/show.html.erb within layouts/application (0.6ms)
Completed 200 OK in 55ms (Views: 51.9ms | ActiveRecord: 0.3ms)


Started GET "/students/" for ::1 at 2018-07-24 14:29:42 -0400
Processing by StudentsController#index as HTML
  [1m[36mStudent Load (0.2ms)[0m  [1mSELECT "students".* FROM "students"[0m
  Rendered students/index.html.erb within layouts/application (1.0ms)
Completed 200 OK in 47ms (Views: 46.3ms | ActiveRecord: 0.2ms)
